This file contains any messages produced by compilers while
running configure, to aid debugging if configure makes a mistake.

It was created by medialibrary configure 0.1.0, which was
generated by GNU Autoconf 2.69.  Invocation command line was

  $ ../configure --host=arm-linux-androideabi --disable-shared CFLAGS=-std=gnu11 -g -O2 -fstrict-aliasing -funsafe-math-optimizations -march=armv7-a -mfpu=vfpv3-d16 -mcpu=cortex-a8 -mthumb -mfloat-abi=softfp -MMD -MP -fpic -ffunction-sections -funwind-tables -fstack-protector-strong -Wno-invalid-command-line-argument -Wno-unused-command-line-argument -no-canonical-prefixes -fno-integrated-as CXXFLAGS=-std=gnu++11 -march=armv7-a -mfpu=vfpv3-d16 -mcpu=cortex-a8 -mthumb -mfloat-abi=softfp -MMD -MP -fpic -ffunction-sections -funwind-tables -fstack-protector-strong -Wno-invalid-command-line-argument -Wno-unused-command-line-argument -no-canonical-prefixes -fno-integrated-as  -fexceptions -frtti -D__STDC_FORMAT_MACROS=1 -D__STDC_CONSTANT_MACROS=1 -D__STDC_LIMIT_MACROS=1 CC=clang CXX=clang++ NM=/home/leeib/AndroidStudioProjects1/vlc-android/toolchains/arm/bin/arm-linux-androideabi-nm STRIP=/home/leeib/AndroidStudioProjects1/vlc-android/toolchains/arm/bin/arm-linux-androideabi-strip RANLIB=/home/leeib/AndroidStudioProjects1/vlc-android/toolchains/arm/bin/arm-linux-androideabi-ranlib PKG_CONFIG_LIBDIR=/home/leeib/AndroidStudioProjects1/vlc-android/pkgs/ LIBJPEG_LIBS=-L/home/leeib/AndroidStudioProjects1/vlc-android/vlc/contrib/contrib-android-arm-linux-androideabi/jpeg/.libs -ljpeg LIBJPEG_CFLAGS=-I/home/leeib/AndroidStudioProjects1/vlc-android/vlc/contrib/arm-linux-androideabi/include/ SQLITE_LIBS=-L/home/leeib/AndroidStudioProjects1/vlc-android/medialibrary/sqlite-autoconf-3120200/build-armeabi-v7a/.libs -lsqlite3 SQLITE_CFLAGS=-I/home/leeib/AndroidStudioProjects1/vlc-android/medialibrary/sqlite-autoconf-3120200 AR=/home/leeib/AndroidStudioProjects1/vlc-android/toolchains/arm/bin/arm-linux-androideabi-ar

## --------- ##
## Platform. ##
## --------- ##

hostname = ubuntu
uname -m = x86_64
uname -r = 4.4.0-47-generic
uname -s = Linux
uname -v = #68-Ubuntu SMP Wed Oct 26 19:39:52 UTC 2016

/usr/bin/uname -p = unknown
/bin/uname -X     = unknown

/bin/arch              = unknown
/usr/bin/arch -k       = unknown
/usr/convex/getsysinfo = unknown
/usr/bin/hostinfo      = unknown
/bin/machine           = unknown
/usr/bin/oslevel       = unknown
/bin/universe          = unknown

PATH: /home/leeib/AndroidStudioProjects1/vlc-android/vlc/extras/tools/build/bin
PATH: /home/leeib/AndroidStudioProjects1/vlc-android/toolchains/arm/bin
PATH: /home/leeib/bin
PATH: /home/leeib/.local/bin
PATH: /home/leeib/jdk1.8.0_111/jre/bin
PATH: /home/leeib/jdk1.8.0_111/bin
PATH: /usr/local/sbin
PATH: /usr/local/bin
PATH: /usr/sbin
PATH: /usr/bin
PATH: /sbin
PATH: /bin
PATH: /usr/games
PATH: /usr/local/games
PATH: /snap/bin
PATH: /home/leeib/Android/Sdk/platform-tools
PATH: /home/leeib/Android/Sdk/tools
PATH: /home/leeib/AndroidStudioProjects1/vlc-android/vlc/contrib/contrib-android-arm-linux-androideabi/../arm-linux-androideabi/bin


## ----------- ##
## Core tests. ##
## ----------- ##

configure:2578: checking for a BSD-compatible install
configure:2646: result: /usr/bin/install -c
configure:2657: checking whether build environment is sane
configure:2712: result: yes
configure:2771: checking for arm-linux-androideabi-strip
configure:2798: result: /home/leeib/AndroidStudioProjects1/vlc-android/toolchains/arm/bin/arm-linux-androideabi-strip
configure:2863: checking for a thread-safe mkdir -p
configure:2902: result: /bin/mkdir -p
configure:2909: checking for gawk
configure:2939: result: no
configure:2909: checking for mawk
configure:2925: found /usr/bin/mawk
configure:2936: result: mawk
configure:2947: checking whether make sets $(MAKE)
configure:2969: result: yes
configure:2998: checking whether make supports nested variables
configure:3015: result: yes
configure:3153: checking whether make supports nested variables
configure:3170: result: yes
configure:3186: checking build system type
configure:3200: result: x86_64-unknown-linux-gnu
configure:3220: checking host system type
configure:3233: result: arm-unknown-linux-androideabi
configure:3273: checking for style of include used by make
configure:3301: result: GNU
configure:3332: checking for arm-linux-androideabi-gcc
configure:3359: result: clang
configure:3628: checking for C compiler version
configure:3637: clang --version >&5
Android clang version 3.8.256229  (based on LLVM 3.8.256229)
Target: armv7a-none-linux-android
Thread model: posix
InstalledDir: /home/leeib/AndroidStudioProjects1/vlc-android/toolchains/arm/bin
configure:3648: $? = 0
configure:3637: clang -v >&5
Android clang version 3.8.256229  (based on LLVM 3.8.256229)
Target: armv7a-none-linux-android
Thread model: posix
InstalledDir: /home/leeib/AndroidStudioProjects1/vlc-android/toolchains/arm/bin
Found candidate GCC installation: /home/leeib/AndroidStudioProjects1/vlc-android/toolchains/arm/bin/../lib/gcc/arm-linux-androideabi/4.9.x
Selected GCC installation: /home/leeib/AndroidStudioProjects1/vlc-android/toolchains/arm/bin/../lib/gcc/arm-linux-androideabi/4.9.x
Candidate multilib: .;@m32
Selected multilib: .;@m32
configure:3648: $? = 0
configure:3637: clang -V >&5
clang38: error: argument to '-V' is missing (expected 1 value)
clang38: error: no input files
configure:3648: $? = 1
configure:3637: clang -qversion >&5
clang38: error: unknown argument: '-qversion'
clang38: error: no input files
configure:3648: $? = 1
configure:3668: checking whether the C compiler works
configure:3690: clang -std=gnu11 -g -O2 -fstrict-aliasing -funsafe-math-optimizations -march=armv7-a -mfpu=vfpv3-d16 -mcpu=cortex-a8 -mthumb -mfloat-abi=softfp -MMD -MP -fpic -ffunction-sections -funwind-tables -fstack-protector-strong -Wno-invalid-command-line-argument -Wno-unused-command-line-argument -no-canonical-prefixes -fno-integrated-as   conftest.c  >&5
configure:3694: $? = 0
configure:3742: result: yes
configure:3745: checking for C compiler default output file name
configure:3747: result: a.out
configure:3753: checking for suffix of executables
configure:3760: clang -o conftest -std=gnu11 -g -O2 -fstrict-aliasing -funsafe-math-optimizations -march=armv7-a -mfpu=vfpv3-d16 -mcpu=cortex-a8 -mthumb -mfloat-abi=softfp -MMD -MP -fpic -ffunction-sections -funwind-tables -fstack-protector-strong -Wno-invalid-command-line-argument -Wno-unused-command-line-argument -no-canonical-prefixes -fno-integrated-as   conftest.c  >&5
configure:3764: $? = 0
configure:3786: result: 
configure:3808: checking whether we are cross compiling
configure:3816: clang -o conftest -std=gnu11 -g -O2 -fstrict-aliasing -funsafe-math-optimizations -march=armv7-a -mfpu=vfpv3-d16 -mcpu=cortex-a8 -mthumb -mfloat-abi=softfp -MMD -MP -fpic -ffunction-sections -funwind-tables -fstack-protector-strong -Wno-invalid-command-line-argument -Wno-unused-command-line-argument -no-canonical-prefixes -fno-integrated-as   conftest.c  >&5
configure:3820: $? = 0
configure:3827: ./conftest
../configure: line 3829: ./conftest: cannot execute binary file: Exec format error
configure:3831: $? = 126
configure:3846: result: yes
configure:3851: checking for suffix of object files
configure:3873: clang -c -std=gnu11 -g -O2 -fstrict-aliasing -funsafe-math-optimizations -march=armv7-a -mfpu=vfpv3-d16 -mcpu=cortex-a8 -mthumb -mfloat-abi=softfp -MMD -MP -fpic -ffunction-sections -funwind-tables -fstack-protector-strong -Wno-invalid-command-line-argument -Wno-unused-command-line-argument -no-canonical-prefixes -fno-integrated-as  conftest.c >&5
configure:3877: $? = 0
configure:3898: result: o
configure:3902: checking whether we are using the GNU C compiler
configure:3921: clang -c -std=gnu11 -g -O2 -fstrict-aliasing -funsafe-math-optimizations -march=armv7-a -mfpu=vfpv3-d16 -mcpu=cortex-a8 -mthumb -mfloat-abi=softfp -MMD -MP -fpic -ffunction-sections -funwind-tables -fstack-protector-strong -Wno-invalid-command-line-argument -Wno-unused-command-line-argument -no-canonical-prefixes -fno-integrated-as  conftest.c >&5
configure:3921: $? = 0
configure:3930: result: yes
configure:3939: checking whether clang accepts -g
configure:3959: clang -c -g  conftest.c >&5
configure:3959: $? = 0
configure:4000: result: yes
configure:4017: checking for clang option to accept ISO C89
configure:4080: clang  -c -std=gnu11 -g -O2 -fstrict-aliasing -funsafe-math-optimizations -march=armv7-a -mfpu=vfpv3-d16 -mcpu=cortex-a8 -mthumb -mfloat-abi=softfp -MMD -MP -fpic -ffunction-sections -funwind-tables -fstack-protector-strong -Wno-invalid-command-line-argument -Wno-unused-command-line-argument -no-canonical-prefixes -fno-integrated-as  conftest.c >&5
configure:4080: $? = 0
configure:4093: result: none needed
configure:4118: checking whether clang understands -c and -o together
configure:4140: clang -c conftest.c -o conftest2.o
configure:4143: $? = 0
configure:4140: clang -c conftest.c -o conftest2.o
configure:4143: $? = 0
configure:4155: result: yes
configure:4174: checking dependency style of clang
configure:4285: result: gcc3
configure:4306: checking how to run the C preprocessor
configure:4337: clang -E  conftest.c
configure:4337: $? = 0
configure:4351: clang -E  conftest.c
conftest.c:11:10: fatal error: 'ac_nonexistent.h' file not found
#include <ac_nonexistent.h>
         ^
1 error generated.
configure:4351: $? = 1
configure: failed program was:
| /* confdefs.h */
| #define PACKAGE_NAME "medialibrary"
| #define PACKAGE_TARNAME "medialibrary"
| #define PACKAGE_VERSION "0.1.0"
| #define PACKAGE_STRING "medialibrary 0.1.0"
| #define PACKAGE_BUGREPORT ""
| #define PACKAGE_URL ""
| #define PACKAGE "medialibrary"
| #define VERSION "0.1.0"
| /* end confdefs.h.  */
| #include <ac_nonexistent.h>
configure:4376: result: clang -E
configure:4396: clang -E  conftest.c
configure:4396: $? = 0
configure:4410: clang -E  conftest.c
conftest.c:11:10: fatal error: 'ac_nonexistent.h' file not found
#include <ac_nonexistent.h>
         ^
1 error generated.
configure:4410: $? = 1
configure: failed program was:
| /* confdefs.h */
| #define PACKAGE_NAME "medialibrary"
| #define PACKAGE_TARNAME "medialibrary"
| #define PACKAGE_VERSION "0.1.0"
| #define PACKAGE_STRING "medialibrary 0.1.0"
| #define PACKAGE_BUGREPORT ""
| #define PACKAGE_URL ""
| #define PACKAGE "medialibrary"
| #define VERSION "0.1.0"
| /* end confdefs.h.  */
| #include <ac_nonexistent.h>
configure:4439: checking for grep that handles long lines and -e
configure:4497: result: /bin/grep
configure:4502: checking for egrep
configure:4564: result: /bin/grep -E
configure:4569: checking for ANSI C header files
configure:4589: clang -c -std=gnu11 -g -O2 -fstrict-aliasing -funsafe-math-optimizations -march=armv7-a -mfpu=vfpv3-d16 -mcpu=cortex-a8 -mthumb -mfloat-abi=softfp -MMD -MP -fpic -ffunction-sections -funwind-tables -fstack-protector-strong -Wno-invalid-command-line-argument -Wno-unused-command-line-argument -no-canonical-prefixes -fno-integrated-as  conftest.c >&5
configure:4589: $? = 0
configure:4673: result: yes
configure:4686: checking for sys/types.h
configure:4686: clang -c -std=gnu11 -g -O2 -fstrict-aliasing -funsafe-math-optimizations -march=armv7-a -mfpu=vfpv3-d16 -mcpu=cortex-a8 -mthumb -mfloat-abi=softfp -MMD -MP -fpic -ffunction-sections -funwind-tables -fstack-protector-strong -Wno-invalid-command-line-argument -Wno-unused-command-line-argument -no-canonical-prefixes -fno-integrated-as  conftest.c >&5
configure:4686: $? = 0
configure:4686: result: yes
configure:4686: checking for sys/stat.h
configure:4686: clang -c -std=gnu11 -g -O2 -fstrict-aliasing -funsafe-math-optimizations -march=armv7-a -mfpu=vfpv3-d16 -mcpu=cortex-a8 -mthumb -mfloat-abi=softfp -MMD -MP -fpic -ffunction-sections -funwind-tables -fstack-protector-strong -Wno-invalid-command-line-argument -Wno-unused-command-line-argument -no-canonical-prefixes -fno-integrated-as  conftest.c >&5
configure:4686: $? = 0
configure:4686: result: yes
configure:4686: checking for stdlib.h
configure:4686: clang -c -std=gnu11 -g -O2 -fstrict-aliasing -funsafe-math-optimizations -march=armv7-a -mfpu=vfpv3-d16 -mcpu=cortex-a8 -mthumb -mfloat-abi=softfp -MMD -MP -fpic -ffunction-sections -funwind-tables -fstack-protector-strong -Wno-invalid-command-line-argument -Wno-unused-command-line-argument -no-canonical-prefixes -fno-integrated-as  conftest.c >&5
configure:4686: $? = 0
configure:4686: result: yes
configure:4686: checking for string.h
configure:4686: clang -c -std=gnu11 -g -O2 -fstrict-aliasing -funsafe-math-optimizations -march=armv7-a -mfpu=vfpv3-d16 -mcpu=cortex-a8 -mthumb -mfloat-abi=softfp -MMD -MP -fpic -ffunction-sections -funwind-tables -fstack-protector-strong -Wno-invalid-command-line-argument -Wno-unused-command-line-argument -no-canonical-prefixes -fno-integrated-as  conftest.c >&5
configure:4686: $? = 0
configure:4686: result: yes
configure:4686: checking for memory.h
configure:4686: clang -c -std=gnu11 -g -O2 -fstrict-aliasing -funsafe-math-optimizations -march=armv7-a -mfpu=vfpv3-d16 -mcpu=cortex-a8 -mthumb -mfloat-abi=softfp -MMD -MP -fpic -ffunction-sections -funwind-tables -fstack-protector-strong -Wno-invalid-command-line-argument -Wno-unused-command-line-argument -no-canonical-prefixes -fno-integrated-as  conftest.c >&5
configure:4686: $? = 0
configure:4686: result: yes
configure:4686: checking for strings.h
configure:4686: clang -c -std=gnu11 -g -O2 -fstrict-aliasing -funsafe-math-optimizations -march=armv7-a -mfpu=vfpv3-d16 -mcpu=cortex-a8 -mthumb -mfloat-abi=softfp -MMD -MP -fpic -ffunction-sections -funwind-tables -fstack-protector-strong -Wno-invalid-command-line-argument -Wno-unused-command-line-argument -no-canonical-prefixes -fno-integrated-as  conftest.c >&5
configure:4686: $? = 0
configure:4686: result: yes
configure:4686: checking for inttypes.h
configure:4686: clang -c -std=gnu11 -g -O2 -fstrict-aliasing -funsafe-math-optimizations -march=armv7-a -mfpu=vfpv3-d16 -mcpu=cortex-a8 -mthumb -mfloat-abi=softfp -MMD -MP -fpic -ffunction-sections -funwind-tables -fstack-protector-strong -Wno-invalid-command-line-argument -Wno-unused-command-line-argument -no-canonical-prefixes -fno-integrated-as  conftest.c >&5
configure:4686: $? = 0
configure:4686: result: yes
configure:4686: checking for stdint.h
configure:4686: clang -c -std=gnu11 -g -O2 -fstrict-aliasing -funsafe-math-optimizations -march=armv7-a -mfpu=vfpv3-d16 -mcpu=cortex-a8 -mthumb -mfloat-abi=softfp -MMD -MP -fpic -ffunction-sections -funwind-tables -fstack-protector-strong -Wno-invalid-command-line-argument -Wno-unused-command-line-argument -no-canonical-prefixes -fno-integrated-as  conftest.c >&5
configure:4686: $? = 0
configure:4686: result: yes
configure:4686: checking for unistd.h
configure:4686: clang -c -std=gnu11 -g -O2 -fstrict-aliasing -funsafe-math-optimizations -march=armv7-a -mfpu=vfpv3-d16 -mcpu=cortex-a8 -mthumb -mfloat-abi=softfp -MMD -MP -fpic -ffunction-sections -funwind-tables -fstack-protector-strong -Wno-invalid-command-line-argument -Wno-unused-command-line-argument -no-canonical-prefixes -fno-integrated-as  conftest.c >&5
configure:4686: $? = 0
configure:4686: result: yes
configure:4699: checking minix/config.h usability
configure:4699: clang -c -std=gnu11 -g -O2 -fstrict-aliasing -funsafe-math-optimizations -march=armv7-a -mfpu=vfpv3-d16 -mcpu=cortex-a8 -mthumb -mfloat-abi=softfp -MMD -MP -fpic -ffunction-sections -funwind-tables -fstack-protector-strong -Wno-invalid-command-line-argument -Wno-unused-command-line-argument -no-canonical-prefixes -fno-integrated-as  conftest.c >&5
conftest.c:54:10: fatal error: 'minix/config.h' file not found
#include <minix/config.h>
         ^
1 error generated.
configure:4699: $? = 1
configure: failed program was:
| /* confdefs.h */
| #define PACKAGE_NAME "medialibrary"
| #define PACKAGE_TARNAME "medialibrary"
| #define PACKAGE_VERSION "0.1.0"
| #define PACKAGE_STRING "medialibrary 0.1.0"
| #define PACKAGE_BUGREPORT ""
| #define PACKAGE_URL ""
| #define PACKAGE "medialibrary"
| #define VERSION "0.1.0"
| #define STDC_HEADERS 1
| #define HAVE_SYS_TYPES_H 1
| #define HAVE_SYS_STAT_H 1
| #define HAVE_STDLIB_H 1
| #define HAVE_STRING_H 1
| #define HAVE_MEMORY_H 1
| #define HAVE_STRINGS_H 1
| #define HAVE_INTTYPES_H 1
| #define HAVE_STDINT_H 1
| #define HAVE_UNISTD_H 1
| /* end confdefs.h.  */
| #include <stdio.h>
| #ifdef HAVE_SYS_TYPES_H
| # include <sys/types.h>
| #endif
| #ifdef HAVE_SYS_STAT_H
| # include <sys/stat.h>
| #endif
| #ifdef STDC_HEADERS
| # include <stdlib.h>
| # include <stddef.h>
| #else
| # ifdef HAVE_STDLIB_H
| #  include <stdlib.h>
| # endif
| #endif
| #ifdef HAVE_STRING_H
| # if !defined STDC_HEADERS && defined HAVE_MEMORY_H
| #  include <memory.h>
| # endif
| # include <string.h>
| #endif
| #ifdef HAVE_STRINGS_H
| # include <strings.h>
| #endif
| #ifdef HAVE_INTTYPES_H
| # include <inttypes.h>
| #endif
| #ifdef HAVE_STDINT_H
| # include <stdint.h>
| #endif
| #ifdef HAVE_UNISTD_H
| # include <unistd.h>
| #endif
| #include <minix/config.h>
configure:4699: result: no
configure:4699: checking minix/config.h presence
configure:4699: clang -E  conftest.c
conftest.c:21:10: fatal error: 'minix/config.h' file not found
#include <minix/config.h>
         ^
1 error generated.
configure:4699: $? = 1
configure: failed program was:
| /* confdefs.h */
| #define PACKAGE_NAME "medialibrary"
| #define PACKAGE_TARNAME "medialibrary"
| #define PACKAGE_VERSION "0.1.0"
| #define PACKAGE_STRING "medialibrary 0.1.0"
| #define PACKAGE_BUGREPORT ""
| #define PACKAGE_URL ""
| #define PACKAGE "medialibrary"
| #define VERSION "0.1.0"
| #define STDC_HEADERS 1
| #define HAVE_SYS_TYPES_H 1
| #define HAVE_SYS_STAT_H 1
| #define HAVE_STDLIB_H 1
| #define HAVE_STRING_H 1
| #define HAVE_MEMORY_H 1
| #define HAVE_STRINGS_H 1
| #define HAVE_INTTYPES_H 1
| #define HAVE_STDINT_H 1
| #define HAVE_UNISTD_H 1
| /* end confdefs.h.  */
| #include <minix/config.h>
configure:4699: result: no
configure:4699: checking for minix/config.h
configure:4699: result: no
configure:4720: checking whether it is safe to define __EXTENSIONS__
configure:4738: clang -c -std=gnu11 -g -O2 -fstrict-aliasing -funsafe-math-optimizations -march=armv7-a -mfpu=vfpv3-d16 -mcpu=cortex-a8 -mthumb -mfloat-abi=softfp -MMD -MP -fpic -ffunction-sections -funwind-tables -fstack-protector-strong -Wno-invalid-command-line-argument -Wno-unused-command-line-argument -no-canonical-prefixes -fno-integrated-as  conftest.c >&5
configure:4738: $? = 0
configure:4745: result: yes
configure:4806: checking how to print strings
configure:4833: result: printf
configure:4854: checking for a sed that does not truncate output
configure:4918: result: /bin/sed
configure:4936: checking for fgrep
configure:4998: result: /bin/grep -F
configure:5033: checking for ld used by clang
configure:5100: result: /home/leeib/AndroidStudioProjects1/vlc-android/toolchains/arm/arm-linux-androideabi/bin/ld
configure:5107: checking if the linker (/home/leeib/AndroidStudioProjects1/vlc-android/toolchains/arm/arm-linux-androideabi/bin/ld) is GNU ld
configure:5122: result: yes
configure:5134: checking for BSD- or MS-compatible name lister (nm)
configure:5183: result: /home/leeib/AndroidStudioProjects1/vlc-android/toolchains/arm/bin/arm-linux-androideabi-nm
configure:5313: checking the name lister (/home/leeib/AndroidStudioProjects1/vlc-android/toolchains/arm/bin/arm-linux-androideabi-nm) interface
configure:5320: clang -c -std=gnu11 -g -O2 -fstrict-aliasing -funsafe-math-optimizations -march=armv7-a -mfpu=vfpv3-d16 -mcpu=cortex-a8 -mthumb -mfloat-abi=softfp -MMD -MP -fpic -ffunction-sections -funwind-tables -fstack-protector-strong -Wno-invalid-command-line-argument -Wno-unused-command-line-argument -no-canonical-prefixes -fno-integrated-as  conftest.c >&5
configure:5323: /home/leeib/AndroidStudioProjects1/vlc-android/toolchains/arm/bin/arm-linux-androideabi-nm "conftest.o"
configure:5326: output
00000000 B some_variable
configure:5333: result: BSD nm
configure:5336: checking whether ln -s works
configure:5340: result: yes
configure:5348: checking the maximum length of command line arguments
configure:5478: result: 1572864
configure:5495: checking whether the shell understands some XSI constructs
configure:5505: result: yes
configure:5509: checking whether the shell understands "+="
configure:5515: result: yes
configure:5550: checking how to convert x86_64-unknown-linux-gnu file names to arm-unknown-linux-androideabi format
configure:5590: result: func_convert_file_noop
configure:5597: checking how to convert x86_64-unknown-linux-gnu file names to toolchain format
configure:5617: result: func_convert_file_noop
configure:5624: checking for /home/leeib/AndroidStudioProjects1/vlc-android/toolchains/arm/arm-linux-androideabi/bin/ld option to reload object files
configure:5631: result: -r
configure:5665: checking for arm-linux-androideabi-objdump
configure:5681: found /home/leeib/AndroidStudioProjects1/vlc-android/toolchains/arm/bin/arm-linux-androideabi-objdump
configure:5692: result: arm-linux-androideabi-objdump
configure:5761: checking how to recognize dependent libraries
configure:5963: result: pass_all
configure:6008: checking for arm-linux-androideabi-dlltool
configure:6038: result: no
configure:6048: checking for dlltool
configure:6078: result: no
configure:6105: checking how to associate runtime and link libraries
configure:6132: result: printf %s\n
configure:6148: checking for arm-linux-androideabi-ar
configure:6175: result: /home/leeib/AndroidStudioProjects1/vlc-android/toolchains/arm/bin/arm-linux-androideabi-ar
configure:6256: checking for archiver @FILE support
configure:6273: clang -c -std=gnu11 -g -O2 -fstrict-aliasing -funsafe-math-optimizations -march=armv7-a -mfpu=vfpv3-d16 -mcpu=cortex-a8 -mthumb -mfloat-abi=softfp -MMD -MP -fpic -ffunction-sections -funwind-tables -fstack-protector-strong -Wno-invalid-command-line-argument -Wno-unused-command-line-argument -no-canonical-prefixes -fno-integrated-as  conftest.c >&5
configure:6273: $? = 0
configure:6276: /home/leeib/AndroidStudioProjects1/vlc-android/toolchains/arm/bin/arm-linux-androideabi-ar cru libconftest.a @conftest.lst >&5
configure:6279: $? = 0
configure:6284: /home/leeib/AndroidStudioProjects1/vlc-android/toolchains/arm/bin/arm-linux-androideabi-ar cru libconftest.a @conftest.lst >&5
/home/leeib/AndroidStudioProjects1/vlc-android/toolchains/arm/bin/arm-linux-androideabi-ar: conftest.o: No such file or directory
configure:6287: $? = 1
configure:6299: result: @
configure:6317: checking for arm-linux-androideabi-strip
configure:6344: result: /home/leeib/AndroidStudioProjects1/vlc-android/toolchains/arm/bin/arm-linux-androideabi-strip
configure:6416: checking for arm-linux-androideabi-ranlib
configure:6443: result: /home/leeib/AndroidStudioProjects1/vlc-android/toolchains/arm/bin/arm-linux-androideabi-ranlib
configure:6585: checking command to parse /home/leeib/AndroidStudioProjects1/vlc-android/toolchains/arm/bin/arm-linux-androideabi-nm output from clang object
configure:6705: clang -c -std=gnu11 -g -O2 -fstrict-aliasing -funsafe-math-optimizations -march=armv7-a -mfpu=vfpv3-d16 -mcpu=cortex-a8 -mthumb -mfloat-abi=softfp -MMD -MP -fpic -ffunction-sections -funwind-tables -fstack-protector-strong -Wno-invalid-command-line-argument -Wno-unused-command-line-argument -no-canonical-prefixes -fno-integrated-as  conftest.c >&5
configure:6708: $? = 0
configure:6712: /home/leeib/AndroidStudioProjects1/vlc-android/toolchains/arm/bin/arm-linux-androideabi-nm conftest.o \| sed -n -e 's/^.*[ ]\([ABCDGIRSTW][ABCDGIRSTW]*\)[ ][ ]*\([_A-Za-z][_A-Za-z0-9]*\)$/\1 \2 \2/p' | sed '/ __gnu_lto/d' \> conftest.nm
configure:6715: $? = 0
configure:6781: clang -o conftest -std=gnu11 -g -O2 -fstrict-aliasing -funsafe-math-optimizations -march=armv7-a -mfpu=vfpv3-d16 -mcpu=cortex-a8 -mthumb -mfloat-abi=softfp -MMD -MP -fpic -ffunction-sections -funwind-tables -fstack-protector-strong -Wno-invalid-command-line-argument -Wno-unused-command-line-argument -no-canonical-prefixes -fno-integrated-as   conftest.c conftstm.o >&5
configure:6784: $? = 0
configure:6822: result: ok
configure:6859: checking for sysroot
configure:6889: result: no
configure:7105: checking for arm-linux-androideabi-mt
configure:7135: result: no
configure:7145: checking for mt
configure:7161: found /bin/mt
configure:7172: result: mt
configure:7184: WARNING: using cross tools not prefixed with host triplet
configure:7195: checking if mt is a manifest tool
configure:7201: mt '-?'
configure:7209: result: no
configure:7848: checking for dlfcn.h
configure:7848: clang -c -std=gnu11 -g -O2 -fstrict-aliasing -funsafe-math-optimizations -march=armv7-a -mfpu=vfpv3-d16 -mcpu=cortex-a8 -mthumb -mfloat-abi=softfp -MMD -MP -fpic -ffunction-sections -funwind-tables -fstack-protector-strong -Wno-invalid-command-line-argument -Wno-unused-command-line-argument -no-canonical-prefixes -fno-integrated-as  conftest.c >&5
configure:7848: $? = 0
configure:7848: result: yes
configure:8350: checking for objdir
configure:8365: result: .libs
configure:8636: checking if clang supports -fno-rtti -fno-exceptions
configure:8654: clang -c -std=gnu11 -g -O2 -fstrict-aliasing -funsafe-math-optimizations -march=armv7-a -mfpu=vfpv3-d16 -mcpu=cortex-a8 -mthumb -mfloat-abi=softfp -MMD -MP -fpic -ffunction-sections -funwind-tables -fstack-protector-strong -Wno-invalid-command-line-argument -Wno-unused-command-line-argument -no-canonical-prefixes -fno-integrated-as  -fno-rtti -fno-exceptions conftest.c >&5
configure:8658: $? = 0
configure:8671: result: yes
configure:8998: checking for clang option to produce PIC
configure:9005: result: -fPIC -DPIC
configure:9013: checking if clang PIC flag -fPIC -DPIC works
configure:9031: clang -c -std=gnu11 -g -O2 -fstrict-aliasing -funsafe-math-optimizations -march=armv7-a -mfpu=vfpv3-d16 -mcpu=cortex-a8 -mthumb -mfloat-abi=softfp -MMD -MP -fpic -ffunction-sections -funwind-tables -fstack-protector-strong -Wno-invalid-command-line-argument -Wno-unused-command-line-argument -no-canonical-prefixes -fno-integrated-as  -fPIC -DPIC -DPIC conftest.c >&5
configure:9035: $? = 0
configure:9048: result: yes
configure:9077: checking if clang static flag -static works
configure:9105: result: yes
configure:9120: checking if clang supports -c -o file.o
configure:9141: clang -c -std=gnu11 -g -O2 -fstrict-aliasing -funsafe-math-optimizations -march=armv7-a -mfpu=vfpv3-d16 -mcpu=cortex-a8 -mthumb -mfloat-abi=softfp -MMD -MP -fpic -ffunction-sections -funwind-tables -fstack-protector-strong -Wno-invalid-command-line-argument -Wno-unused-command-line-argument -no-canonical-prefixes -fno-integrated-as  -o out/conftest2.o conftest.c >&5
configure:9145: $? = 0
configure:9167: result: yes
configure:9175: checking if clang supports -c -o file.o
configure:9222: result: yes
configure:9255: checking whether the clang linker (/home/leeib/AndroidStudioProjects1/vlc-android/toolchains/arm/arm-linux-androideabi/bin/ld) supports shared libraries
configure:10408: result: yes
configure:10648: checking dynamic linker characteristics
configure:11159: clang -o conftest -std=gnu11 -g -O2 -fstrict-aliasing -funsafe-math-optimizations -march=armv7-a -mfpu=vfpv3-d16 -mcpu=cortex-a8 -mthumb -mfloat-abi=softfp -MMD -MP -fpic -ffunction-sections -funwind-tables -fstack-protector-strong -Wno-invalid-command-line-argument -Wno-unused-command-line-argument -no-canonical-prefixes -fno-integrated-as   -Wl,-rpath -Wl,/foo conftest.c  >&5
configure:11159: $? = 0
configure:11381: result: GNU/Linux ld.so
configure:11488: checking how to hardcode library paths into programs
configure:11513: result: immediate
configure:12053: checking whether stripping libraries is possible
configure:12058: result: yes
configure:12093: checking if libtool supports shared libraries
configure:12095: result: yes
configure:12098: checking whether to build shared libraries
configure:12119: result: no
configure:12122: checking whether to build static libraries
configure:12126: result: yes
configure:12275: checking for C++ compiler version
configure:12284: clang++ --version >&5
Android clang version 3.8.256229  (based on LLVM 3.8.256229)
Target: armv7a-none-linux-android
Thread model: posix
InstalledDir: /home/leeib/AndroidStudioProjects1/vlc-android/toolchains/arm/bin
configure:12295: $? = 0
configure:12284: clang++ -v >&5
Android clang version 3.8.256229  (based on LLVM 3.8.256229)
Target: armv7a-none-linux-android
Thread model: posix
InstalledDir: /home/leeib/AndroidStudioProjects1/vlc-android/toolchains/arm/bin
Found candidate GCC installation: /home/leeib/AndroidStudioProjects1/vlc-android/toolchains/arm/bin/../lib/gcc/arm-linux-androideabi/4.9.x
Selected GCC installation: /home/leeib/AndroidStudioProjects1/vlc-android/toolchains/arm/bin/../lib/gcc/arm-linux-androideabi/4.9.x
Candidate multilib: .;@m32
Selected multilib: .;@m32
configure:12295: $? = 0
configure:12284: clang++ -V >&5
clang38++: error: argument to '-V' is missing (expected 1 value)
clang38++: error: no input files
configure:12295: $? = 1
configure:12284: clang++ -qversion >&5
clang38++: error: unknown argument: '-qversion'
clang38++: error: no input files
configure:12295: $? = 1
configure:12299: checking whether we are using the GNU C++ compiler
configure:12318: clang++ -c -std=gnu++11 -march=armv7-a -mfpu=vfpv3-d16 -mcpu=cortex-a8 -mthumb -mfloat-abi=softfp -MMD -MP -fpic -ffunction-sections -funwind-tables -fstack-protector-strong -Wno-invalid-command-line-argument -Wno-unused-command-line-argument -no-canonical-prefixes -fno-integrated-as  -fexceptions -frtti -D__STDC_FORMAT_MACROS=1 -D__STDC_CONSTANT_MACROS=1 -D__STDC_LIMIT_MACROS=1  conftest.cpp >&5
configure:12318: $? = 0
configure:12327: result: yes
configure:12336: checking whether clang++ accepts -g
configure:12356: clang++ -c -g  conftest.cpp >&5
configure:12356: $? = 0
configure:12397: result: yes
configure:12422: checking dependency style of clang++
configure:12533: result: gcc3
configure:12566: checking how to run the C++ preprocessor
configure:12593: clang++ -E  conftest.cpp
configure:12593: $? = 0
configure:12607: clang++ -E  conftest.cpp
conftest.cpp:28:10: fatal error: 'ac_nonexistent.h' file not found
#include <ac_nonexistent.h>
         ^
1 error generated.
configure:12607: $? = 1
configure: failed program was:
| /* confdefs.h */
| #define PACKAGE_NAME "medialibrary"
| #define PACKAGE_TARNAME "medialibrary"
| #define PACKAGE_VERSION "0.1.0"
| #define PACKAGE_STRING "medialibrary 0.1.0"
| #define PACKAGE_BUGREPORT ""
| #define PACKAGE_URL ""
| #define PACKAGE "medialibrary"
| #define VERSION "0.1.0"
| #define STDC_HEADERS 1
| #define HAVE_SYS_TYPES_H 1
| #define HAVE_SYS_STAT_H 1
| #define HAVE_STDLIB_H 1
| #define HAVE_STRING_H 1
| #define HAVE_MEMORY_H 1
| #define HAVE_STRINGS_H 1
| #define HAVE_INTTYPES_H 1
| #define HAVE_STDINT_H 1
| #define HAVE_UNISTD_H 1
| #define __EXTENSIONS__ 1
| #define _ALL_SOURCE 1
| #define _GNU_SOURCE 1
| #define _POSIX_PTHREAD_SEMANTICS 1
| #define _TANDEM_SOURCE 1
| #define HAVE_DLFCN_H 1
| #define LT_OBJDIR ".libs/"
| /* end confdefs.h.  */
| #include <ac_nonexistent.h>
configure:12632: result: clang++ -E
configure:12652: clang++ -E  conftest.cpp
configure:12652: $? = 0
configure:12666: clang++ -E  conftest.cpp
conftest.cpp:28:10: fatal error: 'ac_nonexistent.h' file not found
#include <ac_nonexistent.h>
         ^
1 error generated.
configure:12666: $? = 1
configure: failed program was:
| /* confdefs.h */
| #define PACKAGE_NAME "medialibrary"
| #define PACKAGE_TARNAME "medialibrary"
| #define PACKAGE_VERSION "0.1.0"
| #define PACKAGE_STRING "medialibrary 0.1.0"
| #define PACKAGE_BUGREPORT ""
| #define PACKAGE_URL ""
| #define PACKAGE "medialibrary"
| #define VERSION "0.1.0"
| #define STDC_HEADERS 1
| #define HAVE_SYS_TYPES_H 1
| #define HAVE_SYS_STAT_H 1
| #define HAVE_STDLIB_H 1
| #define HAVE_STRING_H 1
| #define HAVE_MEMORY_H 1
| #define HAVE_STRINGS_H 1
| #define HAVE_INTTYPES_H 1
| #define HAVE_STDINT_H 1
| #define HAVE_UNISTD_H 1
| #define __EXTENSIONS__ 1
| #define _ALL_SOURCE 1
| #define _GNU_SOURCE 1
| #define _POSIX_PTHREAD_SEMANTICS 1
| #define _TANDEM_SOURCE 1
| #define HAVE_DLFCN_H 1
| #define LT_OBJDIR ".libs/"
| /* end confdefs.h.  */
| #include <ac_nonexistent.h>
configure:12835: checking for ld used by clang++
configure:12902: result: /home/leeib/AndroidStudioProjects1/vlc-android/toolchains/arm/arm-linux-androideabi/bin/ld
configure:12909: checking if the linker (/home/leeib/AndroidStudioProjects1/vlc-android/toolchains/arm/arm-linux-androideabi/bin/ld) is GNU ld
configure:12924: result: yes
configure:12979: checking whether the clang++ linker (/home/leeib/AndroidStudioProjects1/vlc-android/toolchains/arm/arm-linux-androideabi/bin/ld) supports shared libraries
configure:13984: result: yes
configure:14020: clang++ -c -std=gnu++11 -march=armv7-a -mfpu=vfpv3-d16 -mcpu=cortex-a8 -mthumb -mfloat-abi=softfp -MMD -MP -fpic -ffunction-sections -funwind-tables -fstack-protector-strong -Wno-invalid-command-line-argument -Wno-unused-command-line-argument -no-canonical-prefixes -fno-integrated-as  -fexceptions -frtti -D__STDC_FORMAT_MACROS=1 -D__STDC_CONSTANT_MACROS=1 -D__STDC_LIMIT_MACROS=1  conftest.cpp >&5
configure:14023: $? = 0
configure:14543: checking for clang++ option to produce PIC
configure:14550: result: -fPIC -DPIC
configure:14558: checking if clang++ PIC flag -fPIC -DPIC works
configure:14576: clang++ -c -std=gnu++11 -march=armv7-a -mfpu=vfpv3-d16 -mcpu=cortex-a8 -mthumb -mfloat-abi=softfp -MMD -MP -fpic -ffunction-sections -funwind-tables -fstack-protector-strong -Wno-invalid-command-line-argument -Wno-unused-command-line-argument -no-canonical-prefixes -fno-integrated-as  -fexceptions -frtti -D__STDC_FORMAT_MACROS=1 -D__STDC_CONSTANT_MACROS=1 -D__STDC_LIMIT_MACROS=1  -fPIC -DPIC -DPIC conftest.cpp >&5
configure:14580: $? = 0
configure:14593: result: yes
configure:14616: checking if clang++ static flag -static works
configure:14644: result: no
configure:14656: checking if clang++ supports -c -o file.o
configure:14677: clang++ -c -std=gnu++11 -march=armv7-a -mfpu=vfpv3-d16 -mcpu=cortex-a8 -mthumb -mfloat-abi=softfp -MMD -MP -fpic -ffunction-sections -funwind-tables -fstack-protector-strong -Wno-invalid-command-line-argument -Wno-unused-command-line-argument -no-canonical-prefixes -fno-integrated-as  -fexceptions -frtti -D__STDC_FORMAT_MACROS=1 -D__STDC_CONSTANT_MACROS=1 -D__STDC_LIMIT_MACROS=1  -o out/conftest2.o conftest.cpp >&5
configure:14681: $? = 0
configure:14703: result: yes
configure:14708: checking if clang++ supports -c -o file.o
configure:14755: result: yes
configure:14785: checking whether the clang++ linker (/home/leeib/AndroidStudioProjects1/vlc-android/toolchains/arm/arm-linux-androideabi/bin/ld) supports shared libraries
configure:14821: result: yes
configure:14962: checking dynamic linker characteristics
configure:15629: result: GNU/Linux ld.so
configure:15682: checking how to hardcode library paths into programs
configure:15707: result: immediate
configure:15757: checking for arm-linux-androideabi-g++
configure:15773: found /home/leeib/AndroidStudioProjects1/vlc-android/toolchains/arm/bin/arm-linux-androideabi-g++
configure:15784: result: arm-linux-androideabi-g++
configure:15853: checking for Objective C++ compiler version
configure:15862: arm-linux-androideabi-g++ --version >&5
arm-linux-androideabi-g++ (GCC) 4.9.x 20150123 (prerelease)
Copyright (C) 2014 Free Software Foundation, Inc.
This is free software; see the source for copying conditions.  There is NO
warranty; not even for MERCHANTABILITY or FITNESS FOR A PARTICULAR PURPOSE.

configure:15873: $? = 0
configure:15862: arm-linux-androideabi-g++ -v >&5
Using built-in specs.
COLLECT_GCC=arm-linux-androideabi-g++
COLLECT_LTO_WRAPPER=/home/leeib/AndroidStudioProjects1/vlc-android/toolchains/arm/bin/../libexec/gcc/arm-linux-androideabi/4.9.x/lto-wrapper
Target: arm-linux-androideabi
Configured with: /usr/local/google/buildbot/src/android/gcc/toolchain/build/../gcc/gcc-4.9/configure --prefix=/tmp/59719db9ae19ff43aef46bbcb79596b6 --target=arm-linux-androideabi --host=x86_64-linux-gnu --build=x86_64-linux-gnu --with-gnu-as --with-gnu-ld --enable-languages=c,c++ --with-gmp=/buildbot/tmp/build/toolchain/temp-install --with-mpfr=/buildbot/tmp/build/toolchain/temp-install --with-mpc=/buildbot/tmp/build/toolchain/temp-install --with-cloog=/buildbot/tmp/build/toolchain/temp-install --with-isl=/buildbot/tmp/build/toolchain/temp-install --with-ppl=/buildbot/tmp/build/toolchain/temp-install --disable-ppl-version-check --disable-cloog-version-check --disable-isl-version-check --enable-cloog-backend=isl --with-host-libstdcxx='-static-libgcc -Wl,-Bstatic,-lstdc++,-Bdynamic -lm' --disable-libssp --enable-threads --disable-nls --disable-libmudflap --disable-libgomp --disable-libstdc__-v3 --disable-sjlj-exceptions --disable-shared --disable-tls --disable-libitm --with-float=soft --with-fpu=vfp --with-arch=armv5te --enable-target-optspace --enable-bionic-libs --enable-libatomic-ifuncs=no --enable-initfini-array --disable-nls --prefix=/tmp/59719db9ae19ff43aef46bbcb79596b6 --with-sysroot=/tmp/59719db9ae19ff43aef46bbcb79596b6/sysroot --with-binutils-version=2.25 --with-mpfr-version=3.1.1 --with-mpc-version=1.0.1 --with-gmp-version=5.0.5 --with-gcc-version=4.9 --with-gdb-version=none --with-gxx-include-dir=/tmp/59719db9ae19ff43aef46bbcb79596b6/include/c++/4.9.x --with-bugurl=http://source.android.com/source/report-bugs.html --enable-languages=c,c++ --disable-bootstrap --enable-plugins --enable-libgomp --enable-gnu-indirect-function --disable-libsanitizer --enable-gold --enable-threads --enable-eh-frame-hdr-for-static --enable-graphite=yes --with-isl-version=0.11.1 --with-cloog-version=0.18.0 --with-arch=armv5te --program-transform-name='s&^&arm-linux-androideabi-&' --enable-gold=default
Thread model: posix
gcc version 4.9.x 20150123 (prerelease) (GCC) 
configure:15873: $? = 0
configure:15862: arm-linux-androideabi-g++ -V >&5
arm-linux-androideabi-g++: error: unrecognized command line option '-V'
arm-linux-androideabi-g++: fatal error: no input files
compilation terminated.
configure:15873: $? = 1
configure:15862: arm-linux-androideabi-g++ -qversion >&5
arm-linux-androideabi-g++: error: unrecognized command line option '-qversion'
arm-linux-androideabi-g++: fatal error: no input files
compilation terminated.
configure:15873: $? = 1
configure:15877: checking whether we are using the GNU Objective C++ compiler
configure:15896: arm-linux-androideabi-g++ -c   conftest.mm >&5
arm-linux-androideabi-g++: error: conftest.mm: Objective-C++ compiler not installed on this system
configure:15896: $? = 1
configure: failed program was:
| /* confdefs.h */
| #define PACKAGE_NAME "medialibrary"
| #define PACKAGE_TARNAME "medialibrary"
| #define PACKAGE_VERSION "0.1.0"
| #define PACKAGE_STRING "medialibrary 0.1.0"
| #define PACKAGE_BUGREPORT ""
| #define PACKAGE_URL ""
| #define PACKAGE "medialibrary"
| #define VERSION "0.1.0"
| #define STDC_HEADERS 1
| #define HAVE_SYS_TYPES_H 1
| #define HAVE_SYS_STAT_H 1
| #define HAVE_STDLIB_H 1
| #define HAVE_STRING_H 1
| #define HAVE_MEMORY_H 1
| #define HAVE_STRINGS_H 1
| #define HAVE_INTTYPES_H 1
| #define HAVE_STDINT_H 1
| #define HAVE_UNISTD_H 1
| #define __EXTENSIONS__ 1
| #define _ALL_SOURCE 1
| #define _GNU_SOURCE 1
| #define _POSIX_PTHREAD_SEMANTICS 1
| #define _TANDEM_SOURCE 1
| #define HAVE_DLFCN_H 1
| #define LT_OBJDIR ".libs/"
| /* end confdefs.h.  */
| 
| int
| main ()
| {
| #ifndef __GNUC__
|        choke me
| #endif
| 
|   ;
|   return 0;
| }
configure:15905: result: no
configure:15914: checking whether arm-linux-androideabi-g++ accepts -g
configure:15934: arm-linux-androideabi-g++ -c -g  conftest.mm >&5
arm-linux-androideabi-g++: error: conftest.mm: Objective-C++ compiler not installed on this system
configure:15934: $? = 1
configure: failed program was:
| /* confdefs.h */
| #define PACKAGE_NAME "medialibrary"
| #define PACKAGE_TARNAME "medialibrary"
| #define PACKAGE_VERSION "0.1.0"
| #define PACKAGE_STRING "medialibrary 0.1.0"
| #define PACKAGE_BUGREPORT ""
| #define PACKAGE_URL ""
| #define PACKAGE "medialibrary"
| #define VERSION "0.1.0"
| #define STDC_HEADERS 1
| #define HAVE_SYS_TYPES_H 1
| #define HAVE_SYS_STAT_H 1
| #define HAVE_STDLIB_H 1
| #define HAVE_STRING_H 1
| #define HAVE_MEMORY_H 1
| #define HAVE_STRINGS_H 1
| #define HAVE_INTTYPES_H 1
| #define HAVE_STDINT_H 1
| #define HAVE_UNISTD_H 1
| #define __EXTENSIONS__ 1
| #define _ALL_SOURCE 1
| #define _GNU_SOURCE 1
| #define _POSIX_PTHREAD_SEMANTICS 1
| #define _TANDEM_SOURCE 1
| #define HAVE_DLFCN_H 1
| #define LT_OBJDIR ".libs/"
| /* end confdefs.h.  */
| 
| int
| main ()
| {
| 
|   ;
|   return 0;
| }
configure:15949: arm-linux-androideabi-g++ -c   conftest.mm >&5
arm-linux-androideabi-g++: error: conftest.mm: Objective-C++ compiler not installed on this system
configure:15949: $? = 1
configure: failed program was:
| /* confdefs.h */
| #define PACKAGE_NAME "medialibrary"
| #define PACKAGE_TARNAME "medialibrary"
| #define PACKAGE_VERSION "0.1.0"
| #define PACKAGE_STRING "medialibrary 0.1.0"
| #define PACKAGE_BUGREPORT ""
| #define PACKAGE_URL ""
| #define PACKAGE "medialibrary"
| #define VERSION "0.1.0"
| #define STDC_HEADERS 1
| #define HAVE_SYS_TYPES_H 1
| #define HAVE_SYS_STAT_H 1
| #define HAVE_STDLIB_H 1
| #define HAVE_STRING_H 1
| #define HAVE_MEMORY_H 1
| #define HAVE_STRINGS_H 1
| #define HAVE_INTTYPES_H 1
| #define HAVE_STDINT_H 1
| #define HAVE_UNISTD_H 1
| #define __EXTENSIONS__ 1
| #define _ALL_SOURCE 1
| #define _GNU_SOURCE 1
| #define _POSIX_PTHREAD_SEMANTICS 1
| #define _TANDEM_SOURCE 1
| #define HAVE_DLFCN_H 1
| #define LT_OBJDIR ".libs/"
| /* end confdefs.h.  */
| 
| int
| main ()
| {
| 
|   ;
|   return 0;
| }
configure:15965: arm-linux-androideabi-g++ -c -g  conftest.mm >&5
arm-linux-androideabi-g++: error: conftest.mm: Objective-C++ compiler not installed on this system
configure:15965: $? = 1
configure: failed program was:
| /* confdefs.h */
| #define PACKAGE_NAME "medialibrary"
| #define PACKAGE_TARNAME "medialibrary"
| #define PACKAGE_VERSION "0.1.0"
| #define PACKAGE_STRING "medialibrary 0.1.0"
| #define PACKAGE_BUGREPORT ""
| #define PACKAGE_URL ""
| #define PACKAGE "medialibrary"
| #define VERSION "0.1.0"
| #define STDC_HEADERS 1
| #define HAVE_SYS_TYPES_H 1
| #define HAVE_SYS_STAT_H 1
| #define HAVE_STDLIB_H 1
| #define HAVE_STRING_H 1
| #define HAVE_MEMORY_H 1
| #define HAVE_STRINGS_H 1
| #define HAVE_INTTYPES_H 1
| #define HAVE_STDINT_H 1
| #define HAVE_UNISTD_H 1
| #define __EXTENSIONS__ 1
| #define _ALL_SOURCE 1
| #define _GNU_SOURCE 1
| #define _POSIX_PTHREAD_SEMANTICS 1
| #define _TANDEM_SOURCE 1
| #define HAVE_DLFCN_H 1
| #define LT_OBJDIR ".libs/"
| /* end confdefs.h.  */
| 
| int
| main ()
| {
| 
|   ;
|   return 0;
| }
configure:15975: result: no
configure:16000: checking dependency style of arm-linux-androideabi-g++
configure:16109: result: gcc3
configure:16131: checking whether clang++ supports C++11 features by default
configure:16187: clang++ -c -std=gnu++11 -march=armv7-a -mfpu=vfpv3-d16 -mcpu=cortex-a8 -mthumb -mfloat-abi=softfp -MMD -MP -fpic -ffunction-sections -funwind-tables -fstack-protector-strong -Wno-invalid-command-line-argument -Wno-unused-command-line-argument -no-canonical-prefixes -fno-integrated-as  -fexceptions -frtti -D__STDC_FORMAT_MACROS=1 -D__STDC_CONSTANT_MACROS=1 -D__STDC_LIMIT_MACROS=1  conftest.cpp >&5
configure:16187: $? = 0
configure:16194: result: yes
configure:16310: checking whether to enable assertions
configure:16328: result: yes
configure:16659: checking c++11 thread support
configure:16666: clang++ -c -std=gnu++11 -march=armv7-a -mfpu=vfpv3-d16 -mcpu=cortex-a8 -mthumb -mfloat-abi=softfp -MMD -MP -fpic -ffunction-sections -funwind-tables -fstack-protector-strong -Wno-invalid-command-line-argument -Wno-unused-command-line-argument -no-canonical-prefixes -fno-integrated-as  -fexceptions -frtti -D__STDC_FORMAT_MACROS=1 -D__STDC_CONSTANT_MACROS=1 -D__STDC_LIMIT_MACROS=1  conftest.cpp >&5
configure:16666: $? = 0
configure:16668: result: ok
configure:16692: checking c++11 std::mutex support
configure:16699: clang++ -c -std=gnu++11 -march=armv7-a -mfpu=vfpv3-d16 -mcpu=cortex-a8 -mthumb -mfloat-abi=softfp -MMD -MP -fpic -ffunction-sections -funwind-tables -fstack-protector-strong -Wno-invalid-command-line-argument -Wno-unused-command-line-argument -no-canonical-prefixes -fno-integrated-as  -fexceptions -frtti -D__STDC_FORMAT_MACROS=1 -D__STDC_CONSTANT_MACROS=1 -D__STDC_LIMIT_MACROS=1  conftest.cpp >&5
configure:16699: $? = 0
configure:16701: result: ok
configure:16725: checking c++11 thread_local support
configure:16732: clang++ -c -std=gnu++11 -march=armv7-a -mfpu=vfpv3-d16 -mcpu=cortex-a8 -mthumb -mfloat-abi=softfp -MMD -MP -fpic -ffunction-sections -funwind-tables -fstack-protector-strong -Wno-invalid-command-line-argument -Wno-unused-command-line-argument -no-canonical-prefixes -fno-integrated-as  -fexceptions -frtti -D__STDC_FORMAT_MACROS=1 -D__STDC_CONSTANT_MACROS=1 -D__STDC_LIMIT_MACROS=1  conftest.cpp >&5
configure:16732: $? = 0
configure:16734: result: ok
configure:16754: checking for an Android system
configure:16771: clang -E  conftest.c
configure:16771: $? = 0
configure:16774: result: yes
configure:16821: checking for arm-linux-androideabi-pkg-config
configure:16854: result: no
configure:16864: checking for pkg-config
configure:16882: found /home/leeib/AndroidStudioProjects1/vlc-android/vlc/extras/tools/build/bin/pkg-config
configure:16894: result: /home/leeib/AndroidStudioProjects1/vlc-android/vlc/extras/tools/build/bin/pkg-config
configure:16919: checking pkg-config is at least version 0.9.0
configure:16922: result: yes
configure:16932: checking for SQLITE
configure:17017: result: yes
configure:17023: checking for VLC
configure:17030: $PKG_CONFIG --exists --print-errors "libvlc >= 3.0"
configure:17033: $? = 0
configure:17047: $PKG_CONFIG --exists --print-errors "libvlc >= 3.0"
configure:17050: $? = 0
configure:17108: result: yes
configure:17114: checking for VLCPP
configure:17121: $PKG_CONFIG --exists --print-errors "libvlcpp"
configure:17124: $? = 0
configure:17138: $PKG_CONFIG --exists --print-errors "libvlcpp"
configure:17141: $? = 0
configure:17195: result: yes
configure:17197: result: Found libvlcpp.pc
configure:17203: checking for LIBJPEG
configure:17288: result: yes
configure:17308: checking for EVAS
configure:17315: $PKG_CONFIG --exists --print-errors "evas"
Package evas was not found in the pkg-config search path.
Perhaps you should add the directory containing `evas.pc'
to the PKG_CONFIG_PATH environment variable
No package 'evas' found
configure:17318: $? = 1
configure:17332: $PKG_CONFIG --exists --print-errors "evas"
Package evas was not found in the pkg-config search path.
Perhaps you should add the directory containing `evas.pc'
to the PKG_CONFIG_PATH environment variable
No package 'evas' found
configure:17335: $? = 1
configure:17349: result: no
No package 'evas' found
configure:18275: checking that generated files are newer than configure
configure:18281: result: done
configure:18356: creating ./config.status

## ---------------------- ##
## Running config.status. ##
## ---------------------- ##

This file was extended by medialibrary config.status 0.1.0, which was
generated by GNU Autoconf 2.69.  Invocation command line was

  CONFIG_FILES    = 
  CONFIG_HEADERS  = 
  CONFIG_LINKS    = 
  CONFIG_COMMANDS = 
  $ ./config.status 

on ubuntu

config.status:1215: creating Makefile
config.status:1215: creating medialibrary.pc
config.status:1215: creating config.h
config.status:1429: executing depfiles commands
config.status:1429: executing libtool commands

## ---------------- ##
## Cache variables. ##
## ---------------- ##

ac_cv_build=x86_64-unknown-linux-gnu
ac_cv_c_compiler_gnu=yes
ac_cv_cxx_compiler_gnu=yes
ac_cv_env_CCC_set=
ac_cv_env_CCC_value=
ac_cv_env_CC_set=set
ac_cv_env_CC_value=clang
ac_cv_env_CFLAGS_set=set
ac_cv_env_CFLAGS_value='-std=gnu11 -g -O2 -fstrict-aliasing -funsafe-math-optimizations -march=armv7-a -mfpu=vfpv3-d16 -mcpu=cortex-a8 -mthumb -mfloat-abi=softfp -MMD -MP -fpic -ffunction-sections -funwind-tables -fstack-protector-strong -Wno-invalid-command-line-argument -Wno-unused-command-line-argument -no-canonical-prefixes -fno-integrated-as'
ac_cv_env_CPPFLAGS_set=
ac_cv_env_CPPFLAGS_value=
ac_cv_env_CPP_set=
ac_cv_env_CPP_value=
ac_cv_env_CXXCPP_set=
ac_cv_env_CXXCPP_value=
ac_cv_env_CXXFLAGS_set=set
ac_cv_env_CXXFLAGS_value='-std=gnu++11 -march=armv7-a -mfpu=vfpv3-d16 -mcpu=cortex-a8 -mthumb -mfloat-abi=softfp -MMD -MP -fpic -ffunction-sections -funwind-tables -fstack-protector-strong -Wno-invalid-command-line-argument -Wno-unused-command-line-argument -no-canonical-prefixes -fno-integrated-as  -fexceptions -frtti -D__STDC_FORMAT_MACROS=1 -D__STDC_CONSTANT_MACROS=1 -D__STDC_LIMIT_MACROS=1'
ac_cv_env_CXX_set=set
ac_cv_env_CXX_value=clang++
ac_cv_env_EVAS_CFLAGS_set=
ac_cv_env_EVAS_CFLAGS_value=
ac_cv_env_EVAS_LIBS_set=
ac_cv_env_EVAS_LIBS_value=
ac_cv_env_LDFLAGS_set=
ac_cv_env_LDFLAGS_value=
ac_cv_env_LIBJPEG_CFLAGS_set=set
ac_cv_env_LIBJPEG_CFLAGS_value=-I/home/leeib/AndroidStudioProjects1/vlc-android/vlc/contrib/arm-linux-androideabi/include/
ac_cv_env_LIBJPEG_LIBS_set=set
ac_cv_env_LIBJPEG_LIBS_value='-L/home/leeib/AndroidStudioProjects1/vlc-android/vlc/contrib/contrib-android-arm-linux-androideabi/jpeg/.libs -ljpeg'
ac_cv_env_LIBS_set=
ac_cv_env_LIBS_value=
ac_cv_env_OBJCXXFLAGS_set=
ac_cv_env_OBJCXXFLAGS_value=
ac_cv_env_OBJCXX_set=
ac_cv_env_OBJCXX_value=
ac_cv_env_PKG_CONFIG_LIBDIR_set=set
ac_cv_env_PKG_CONFIG_LIBDIR_value=/home/leeib/AndroidStudioProjects1/vlc-android/pkgs/
ac_cv_env_PKG_CONFIG_PATH_set=
ac_cv_env_PKG_CONFIG_PATH_value=
ac_cv_env_PKG_CONFIG_set=
ac_cv_env_PKG_CONFIG_value=
ac_cv_env_RAPIDJSON_CFLAGS_set=
ac_cv_env_RAPIDJSON_CFLAGS_value=
ac_cv_env_RAPIDJSON_LIBS_set=
ac_cv_env_RAPIDJSON_LIBS_value=
ac_cv_env_SQLITE_CFLAGS_set=set
ac_cv_env_SQLITE_CFLAGS_value=-I/home/leeib/AndroidStudioProjects1/vlc-android/medialibrary/sqlite-autoconf-3120200
ac_cv_env_SQLITE_LIBS_set=set
ac_cv_env_SQLITE_LIBS_value='-L/home/leeib/AndroidStudioProjects1/vlc-android/medialibrary/sqlite-autoconf-3120200/build-armeabi-v7a/.libs -lsqlite3'
ac_cv_env_VLCPP_CFLAGS_set=
ac_cv_env_VLCPP_CFLAGS_value=
ac_cv_env_VLCPP_LIBS_set=
ac_cv_env_VLCPP_LIBS_value=
ac_cv_env_VLC_CFLAGS_set=
ac_cv_env_VLC_CFLAGS_value=
ac_cv_env_VLC_LIBS_set=
ac_cv_env_VLC_LIBS_value=
ac_cv_env_build_alias_set=
ac_cv_env_build_alias_value=
ac_cv_env_host_alias_set=set
ac_cv_env_host_alias_value=arm-linux-androideabi
ac_cv_env_target_alias_set=
ac_cv_env_target_alias_value=
ac_cv_func_uselocale=yes
ac_cv_header_dlfcn_h=yes
ac_cv_header_inttypes_h=yes
ac_cv_header_memory_h=yes
ac_cv_header_minix_config_h=no
ac_cv_header_stdc=yes
ac_cv_header_stdint_h=yes
ac_cv_header_stdlib_h=yes
ac_cv_header_string_h=yes
ac_cv_header_strings_h=yes
ac_cv_header_sys_stat_h=yes
ac_cv_header_sys_types_h=yes
ac_cv_header_unistd_h=yes
ac_cv_host=arm-unknown-linux-androideabi
ac_cv_lib_m_nanf=yes
ac_cv_objcxx_compiler_gnu=no
ac_cv_objext=o
ac_cv_path_EGREP='/bin/grep -E'
ac_cv_path_FGREP='/bin/grep -F'
ac_cv_path_GREP=/bin/grep
ac_cv_path_SED=/bin/sed
ac_cv_path_ac_pt_PKG_CONFIG=/home/leeib/AndroidStudioProjects1/vlc-android/vlc/extras/tools/build/bin/pkg-config
ac_cv_path_install='/usr/bin/install -c'
ac_cv_path_mkdir=/bin/mkdir
ac_cv_prog_AR=/home/leeib/AndroidStudioProjects1/vlc-android/toolchains/arm/bin/arm-linux-androideabi-ar
ac_cv_prog_AWK=mawk
ac_cv_prog_CC=clang
ac_cv_prog_CPP='clang -E'
ac_cv_prog_CXXCPP='clang++ -E'
ac_cv_prog_OBJCXX=arm-linux-androideabi-g++
ac_cv_prog_OBJDUMP=arm-linux-androideabi-objdump
ac_cv_prog_RANLIB=/home/leeib/AndroidStudioProjects1/vlc-android/toolchains/arm/bin/arm-linux-androideabi-ranlib
ac_cv_prog_STRIP=/home/leeib/AndroidStudioProjects1/vlc-android/toolchains/arm/bin/arm-linux-androideabi-strip
ac_cv_prog_ac_ct_MANIFEST_TOOL=mt
ac_cv_prog_cc_c89=
ac_cv_prog_cc_g=yes
ac_cv_prog_cxx_g=yes
ac_cv_prog_make_make_set=yes
ac_cv_prog_objcxx_g=no
ac_cv_safe_to_define___extensions__=yes
am_cv_CC_dependencies_compiler_type=gcc3
am_cv_CXX_dependencies_compiler_type=gcc3
am_cv_OBJCXX_dependencies_compiler_type=gcc3
am_cv_make_support_nested_variables=yes
am_cv_prog_cc_c_o=yes
ax_cv_cxx_compile_cxx11=yes
lt_cv_ar_at_file=@
lt_cv_deplibs_check_method=pass_all
lt_cv_file_magic_cmd='$MAGIC_CMD'
lt_cv_file_magic_test_file=
lt_cv_ld_reload_flag=-r
lt_cv_nm_interface='BSD nm'
lt_cv_objdir=.libs
lt_cv_path_LD=/home/leeib/AndroidStudioProjects1/vlc-android/toolchains/arm/arm-linux-androideabi/bin/ld
lt_cv_path_LDCXX=/home/leeib/AndroidStudioProjects1/vlc-android/toolchains/arm/arm-linux-androideabi/bin/ld
lt_cv_path_NM=/home/leeib/AndroidStudioProjects1/vlc-android/toolchains/arm/bin/arm-linux-androideabi-nm
lt_cv_path_mainfest_tool=no
lt_cv_prog_compiler_c_o=yes
lt_cv_prog_compiler_c_o_CXX=yes
lt_cv_prog_compiler_pic='-fPIC -DPIC'
lt_cv_prog_compiler_pic_CXX='-fPIC -DPIC'
lt_cv_prog_compiler_pic_works=yes
lt_cv_prog_compiler_pic_works_CXX=yes
lt_cv_prog_compiler_rtti_exceptions=yes
lt_cv_prog_compiler_static_works=yes
lt_cv_prog_compiler_static_works_CXX=no
lt_cv_prog_gnu_ld=yes
lt_cv_prog_gnu_ldcxx=yes
lt_cv_sharedlib_from_linklib_cmd='printf %s\n'
lt_cv_shlibpath_overrides_runpath=no
lt_cv_sys_global_symbol_pipe='sed -n -e '\''s/^.*[	 ]\([ABCDGIRSTW][ABCDGIRSTW]*\)[	 ][	 ]*\([_A-Za-z][_A-Za-z0-9]*\)$/\1 \2 \2/p'\'' | sed '\''/ __gnu_lto/d'\'''
lt_cv_sys_global_symbol_to_c_name_address='sed -n -e '\''s/^: \([^ ]*\)[ ]*$/  {\"\1\", (void *) 0},/p'\'' -e '\''s/^[ABCDGIRSTW]* \([^ ]*\) \([^ ]*\)$/  {"\2", (void *) \&\2},/p'\'''
lt_cv_sys_global_symbol_to_c_name_address_lib_prefix='sed -n -e '\''s/^: \([^ ]*\)[ ]*$/  {\"\1\", (void *) 0},/p'\'' -e '\''s/^[ABCDGIRSTW]* \([^ ]*\) \(lib[^ ]*\)$/  {"\2", (void *) \&\2},/p'\'' -e '\''s/^[ABCDGIRSTW]* \([^ ]*\) \([^ ]*\)$/  {"lib\2", (void *) \&\2},/p'\'''
lt_cv_sys_global_symbol_to_cdecl='sed -n -e '\''s/^T .* \(.*\)$/extern int \1();/p'\'' -e '\''s/^[ABCDGIRSTW]* .* \(.*\)$/extern char \1;/p'\'''
lt_cv_sys_max_cmd_len=1572864
lt_cv_to_host_file_cmd=func_convert_file_noop
lt_cv_to_tool_file_cmd=func_convert_file_noop
pkg_cv_LIBJPEG_CFLAGS=-I/home/leeib/AndroidStudioProjects1/vlc-android/vlc/contrib/arm-linux-androideabi/include/
pkg_cv_LIBJPEG_LIBS='-L/home/leeib/AndroidStudioProjects1/vlc-android/vlc/contrib/contrib-android-arm-linux-androideabi/jpeg/.libs -ljpeg'
pkg_cv_SQLITE_CFLAGS=-I/home/leeib/AndroidStudioProjects1/vlc-android/medialibrary/sqlite-autoconf-3120200
pkg_cv_SQLITE_LIBS='-L/home/leeib/AndroidStudioProjects1/vlc-android/medialibrary/sqlite-autoconf-3120200/build-armeabi-v7a/.libs -lsqlite3'
pkg_cv_VLCPP_CFLAGS='-I/home/leeib/AndroidStudioProjects1/vlc-android/medialibrary/libvlcpp '
pkg_cv_VLCPP_LIBS=
pkg_cv_VLC_CFLAGS='-I/home/leeib/AndroidStudioProjects1/vlc-android/vlc/include -I/home/leeib/AndroidStudioProjects1/vlc-android/vlc/build-android-arm-linux-androideabi/include '
pkg_cv_VLC_LIBS='-L/home/leeib/AndroidStudioProjects1/vlc-android/libvlc/jni/libs/armeabi-v7a -lvlc '

## ----------------- ##
## Output variables. ##
## ----------------- ##

ACLOCAL='${SHELL} /home/leeib/AndroidStudioProjects1/vlc-android/medialibrary/medialibrary/missing aclocal-1.15'
AMDEPBACKSLASH='\'
AMDEP_FALSE='#'
AMDEP_TRUE=''
AMTAR='$${TAR-tar}'
AM_BACKSLASH='\'
AM_DEFAULT_V='$(AM_DEFAULT_VERBOSITY)'
AM_DEFAULT_VERBOSITY='0'
AM_V='$(V)'
AR='/home/leeib/AndroidStudioProjects1/vlc-android/toolchains/arm/bin/arm-linux-androideabi-ar'
AS='as'
AUTOCONF='${SHELL} /home/leeib/AndroidStudioProjects1/vlc-android/medialibrary/medialibrary/missing autoconf'
AUTOHEADER='${SHELL} /home/leeib/AndroidStudioProjects1/vlc-android/medialibrary/medialibrary/missing autoheader'
AUTOMAKE='${SHELL} /home/leeib/AndroidStudioProjects1/vlc-android/medialibrary/medialibrary/missing automake-1.15'
AWK='mawk'
CC='clang'
CCDEPMODE='depmode=gcc3'
CFLAGS='-std=gnu11 -g -O2 -fstrict-aliasing -funsafe-math-optimizations -march=armv7-a -mfpu=vfpv3-d16 -mcpu=cortex-a8 -mthumb -mfloat-abi=softfp -MMD -MP -fpic -ffunction-sections -funwind-tables -fstack-protector-strong -Wno-invalid-command-line-argument -Wno-unused-command-line-argument -no-canonical-prefixes -fno-integrated-as'
CPP='clang -E'
CPPFLAGS=''
CXX='clang++'
CXXCPP='clang++ -E'
CXXDEPMODE='depmode=gcc3'
CXXFLAGS='-std=gnu++11 -march=armv7-a -mfpu=vfpv3-d16 -mcpu=cortex-a8 -mthumb -mfloat-abi=softfp -MMD -MP -fpic -ffunction-sections -funwind-tables -fstack-protector-strong -Wno-invalid-command-line-argument -Wno-unused-command-line-argument -no-canonical-prefixes -fno-integrated-as  -fexceptions -frtti -D__STDC_FORMAT_MACROS=1 -D__STDC_CONSTANT_MACROS=1 -D__STDC_LIMIT_MACROS=1'
CYGPATH_W='echo'
DEFS='-DHAVE_CONFIG_H'
DEPDIR='.deps'
DLLTOOL='false'
DSYMUTIL=''
DUMPBIN=''
ECHO_C=''
ECHO_N='-n'
ECHO_T=''
EGREP='/bin/grep -E'
EVAS_CFLAGS=''
EVAS_LIBS=''
EXEEXT=''
FGREP='/bin/grep -F'
GREP='/bin/grep'
HAVE_ANDROID_FALSE='#'
HAVE_ANDROID_TRUE=''
HAVE_CXX11=''
HAVE_DARWIN_FALSE=''
HAVE_DARWIN_TRUE='#'
HAVE_EVAS_FALSE=''
HAVE_EVAS_TRUE='#'
HAVE_IOS_FALSE=''
HAVE_IOS_TRUE='#'
HAVE_LIBJPEG_FALSE='#'
HAVE_LIBJPEG_TRUE=''
HAVE_LINUX_FALSE='#'
HAVE_LINUX_TRUE=''
HAVE_OSX_FALSE=''
HAVE_OSX_TRUE='#'
HAVE_PTHREAD_FALSE=''
HAVE_PTHREAD_TRUE='#'
HAVE_TESTS_FALSE=''
HAVE_TESTS_TRUE='#'
HAVE_TVOS_FALSE=''
HAVE_TVOS_TRUE='#'
HAVE_WIN32_FALSE=''
HAVE_WIN32_TRUE='#'
INSTALL_DATA='${INSTALL} -m 644'
INSTALL_PROGRAM='${INSTALL}'
INSTALL_SCRIPT='${INSTALL}'
INSTALL_STRIP_PROGRAM='$(install_sh) -c -s'
LD='/home/leeib/AndroidStudioProjects1/vlc-android/toolchains/arm/arm-linux-androideabi/bin/ld'
LDFLAGS=''
LIBJPEG_CFLAGS='-I/home/leeib/AndroidStudioProjects1/vlc-android/vlc/contrib/arm-linux-androideabi/include/'
LIBJPEG_LIBS='-L/home/leeib/AndroidStudioProjects1/vlc-android/vlc/contrib/contrib-android-arm-linux-androideabi/jpeg/.libs -ljpeg'
LIBOBJS=''
LIBS=''
LIBTOOL='$(SHELL) $(top_builddir)/libtool'
LIPO=''
LN_S='ln -s'
LTLIBOBJS=''
MAKEINFO='${SHELL} /home/leeib/AndroidStudioProjects1/vlc-android/medialibrary/medialibrary/missing makeinfo'
MANIFEST_TOOL=':'
MEDIALIBRARY_MAJOR='0'
MEDIALIBRARY_MICRO='0'
MEDIALIBRARY_MINOR='1'
MKDIR_P='/bin/mkdir -p'
NM='/home/leeib/AndroidStudioProjects1/vlc-android/toolchains/arm/bin/arm-linux-androideabi-nm'
NMEDIT=''
OBJCXX='arm-linux-androideabi-g++'
OBJCXXDEPMODE='depmode=gcc3'
OBJCXXFLAGS=''
OBJDUMP='arm-linux-androideabi-objdump'
OBJEXT='o'
OTOOL64=''
OTOOL=''
PACKAGE='medialibrary'
PACKAGE_BUGREPORT=''
PACKAGE_NAME='medialibrary'
PACKAGE_STRING='medialibrary 0.1.0'
PACKAGE_TARNAME='medialibrary'
PACKAGE_URL=''
PACKAGE_VERSION='0.1.0'
PATH_SEPARATOR=':'
PKG_CONFIG='/home/leeib/AndroidStudioProjects1/vlc-android/vlc/extras/tools/build/bin/pkg-config'
PKG_CONFIG_LIBDIR='/home/leeib/AndroidStudioProjects1/vlc-android/pkgs/'
PKG_CONFIG_PATH=''
PROGRAMFILES=''
PTHREAD_CC=''
PTHREAD_CFLAGS=''
PTHREAD_LIBS=''
RANLIB='/home/leeib/AndroidStudioProjects1/vlc-android/toolchains/arm/bin/arm-linux-androideabi-ranlib'
RAPIDJSON_CFLAGS=''
RAPIDJSON_LIBS=''
SED='/bin/sed'
SET_MAKE=''
SHELL='/bin/bash'
SQLITE_CFLAGS='-I/home/leeib/AndroidStudioProjects1/vlc-android/medialibrary/sqlite-autoconf-3120200'
SQLITE_LIBS='-L/home/leeib/AndroidStudioProjects1/vlc-android/medialibrary/sqlite-autoconf-3120200/build-armeabi-v7a/.libs -lsqlite3'
STRIP='/home/leeib/AndroidStudioProjects1/vlc-android/toolchains/arm/bin/arm-linux-androideabi-strip'
U2D=''
VERSION='0.1.0'
VLCPP_CFLAGS='-I/home/leeib/AndroidStudioProjects1/vlc-android/medialibrary/libvlcpp '
VLCPP_LIBS=''
VLC_CFLAGS='-I/home/leeib/AndroidStudioProjects1/vlc-android/vlc/include -I/home/leeib/AndroidStudioProjects1/vlc-android/vlc/build-android-arm-linux-androideabi/include '
VLC_LIBS='-L/home/leeib/AndroidStudioProjects1/vlc-android/libvlc/jni/libs/armeabi-v7a -lvlc '
WINDOWS_ARCH=''
ac_ct_AR=''
ac_ct_CC=''
ac_ct_CXX=''
ac_ct_DUMPBIN=''
ac_ct_OBJCXX=''
am__EXEEXT_FALSE=''
am__EXEEXT_TRUE='#'
am__fastdepCC_FALSE='#'
am__fastdepCC_TRUE=''
am__fastdepCXX_FALSE='#'
am__fastdepCXX_TRUE=''
am__fastdepOBJCXX_FALSE='#'
am__fastdepOBJCXX_TRUE=''
am__include='include'
am__isrc=' -I$(srcdir)'
am__leading_dot='.'
am__nodep='_no'
am__quote=''
am__tar='$${TAR-tar} chof - "$$tardir"'
am__untar='$${TAR-tar} xf -'
ax_pthread_config=''
bindir='${exec_prefix}/bin'
build='x86_64-unknown-linux-gnu'
build_alias=''
build_cpu='x86_64'
build_os='linux-gnu'
build_vendor='unknown'
datadir='${datarootdir}'
datarootdir='${prefix}/share'
docdir='${datarootdir}/doc/${PACKAGE_TARNAME}'
dvidir='${docdir}'
exec_prefix='${prefix}'
host='arm-unknown-linux-androideabi'
host_alias='arm-linux-androideabi'
host_cpu='arm'
host_os='linux-androideabi'
host_vendor='unknown'
htmldir='${docdir}'
includedir='${prefix}/include'
infodir='${datarootdir}/info'
install_sh='${SHELL} /home/leeib/AndroidStudioProjects1/vlc-android/medialibrary/medialibrary/install-sh'
libdir='${exec_prefix}/lib'
libexecdir='${exec_prefix}/libexec'
localedir='${datarootdir}/locale'
localstatedir='${prefix}/var'
mandir='${datarootdir}/man'
mkdir_p='$(MKDIR_P)'
oldincludedir='/usr/include'
pdfdir='${docdir}'
pkgconfigdir='${libdir}/pkgconfig'
prefix='/usr/local'
program_transform_name='s,x,x,'
psdir='${docdir}'
sbindir='${exec_prefix}/sbin'
sharedstatedir='${prefix}/com'
sysconfdir='${prefix}/etc'
target_alias=''

## ----------- ##
## confdefs.h. ##
## ----------- ##

/* confdefs.h */
#define PACKAGE_NAME "medialibrary"
#define PACKAGE_TARNAME "medialibrary"
#define PACKAGE_VERSION "0.1.0"
#define PACKAGE_STRING "medialibrary 0.1.0"
#define PACKAGE_BUGREPORT ""
#define PACKAGE_URL ""
#define PACKAGE "medialibrary"
#define VERSION "0.1.0"
#define STDC_HEADERS 1
#define HAVE_SYS_TYPES_H 1
#define HAVE_SYS_STAT_H 1
#define HAVE_STDLIB_H 1
#define HAVE_STRING_H 1
#define HAVE_MEMORY_H 1
#define HAVE_STRINGS_H 1
#define HAVE_INTTYPES_H 1
#define HAVE_STDINT_H 1
#define HAVE_UNISTD_H 1
#define __EXTENSIONS__ 1
#define _ALL_SOURCE 1
#define _GNU_SOURCE 1
#define _POSIX_PTHREAD_SEMANTICS 1
#define _TANDEM_SOURCE 1
#define HAVE_DLFCN_H 1
#define LT_OBJDIR ".libs/"
#define CXX11_THREADS 1
#define CXX11_MUTEX 1
#define CXX11_THREAD_LOCAL 1
#define HAVE_JPEG 1

configure: exit 0
